2024-03-08 00:02:06,210 - root - INFO - Let's get started....
2024-03-08 00:02:06,210 - root - INFO - Creating spark object...
2024-03-08 00:02:16,696 - root - INFO - Spark object created successfully.....
2024-03-08 00:02:16,696 - root - INFO - Application done....
2024-03-08 07:36:29,190 - root - INFO - Let's get started....
2024-03-08 07:36:29,198 - root - INFO - Creating spark object...
2024-03-08 07:36:29,199 - root - INFO - Master is local....
2024-03-08 07:36:29,199 - root - INFO - Now creating the spark object...
2024-03-08 07:36:39,435 - root - INFO - Spark object created successfully....
2024-03-08 07:36:39,435 - root - INFO - Spark object created successfully.....
2024-03-08 07:36:39,435 - root - INFO - Application done....
2024-03-08 07:42:23,813 - root -INFO -Let's get started....
2024-03-08 07:42:23,813 - root -INFO -Creating spark object...
2024-03-08 07:42:23,813 - root -INFO -Master is local....
2024-03-08 07:42:23,813 - root -INFO -Now creating the spark object...
2024-03-08 07:42:33,157 - root -INFO -Spark object created successfully....
2024-03-08 07:42:33,157 - root -INFO -Spark object created successfully.....
2024-03-08 07:42:33,157 - root -INFO -Application done....
2024-03-08 09:06:06,224 - root -INFO -Let's get started....
2024-03-08 09:06:06,241 - root -INFO -Creating spark object...
2024-03-08 09:06:06,241 - root -INFO -Master is local....
2024-03-08 09:06:06,241 - root -INFO -Now creating the spark object...
2024-03-08 09:06:16,086 - root -INFO -Spark object created successfully....
2024-03-08 09:06:16,086 - root -INFO -Spark object created successfully.....
2024-03-08 09:06:16,086 - root -INFO -Application done....
2024-03-08 09:07:07,033 - root -INFO -Let's get started....
2024-03-08 09:07:07,033 - root -INFO -Creating spark object...
2024-03-08 09:07:07,033 - root -INFO -Master is local....
2024-03-08 09:07:15,839 - root -INFO -Spark object created successfully.....
2024-03-08 09:07:15,839 - root -INFO -Application done....
2024-03-08 09:15:44,862 - root -INFO -Let's get started....
2024-03-08 09:15:44,875 - root -INFO -Creating spark object...
2024-03-08 09:15:44,875 - Spark_object_create -INFO -Master is local
2024-03-08 09:15:54,719 - root -INFO -Spark object created successfully.....
2024-03-08 09:15:54,791 - root -INFO -Application done....
2024-03-08 09:18:19,585 - root -INFO -Let's get started....
2024-03-08 09:18:19,586 - root -INFO -Creating spark object...
2024-03-08 09:18:19,586 - Spark_object_create -INFO -Master is local
2024-03-08 09:18:28,942 - root -INFO -Spark object created successfully.....
2024-03-08 09:18:28,942 - root -INFO -Reading a parquet file....
2024-03-08 09:18:28,943 - root -INFO -Application done....
2024-03-08 09:27:09,221 - root -INFO -Let's get started....
2024-03-08 09:27:09,237 - root -INFO -Creating spark object...
2024-03-08 09:27:09,237 - Spark_object_create -INFO -Master is local
2024-03-08 09:27:19,062 - root -INFO -Spark object created successfully.....
2024-03-08 09:27:19,062 - root -INFO -Reading a parquet file....
2024-03-08 09:27:24,936 - root -INFO -Application done....
2024-03-08 09:39:03,469 - root -INFO -Let's get started....
2024-03-08 09:39:03,486 - root -INFO -Creating spark object...
2024-03-08 09:39:03,486 - Spark_object_create -INFO -Master is local
2024-03-08 09:39:13,132 - root -INFO -Spark object created successfully.....
2024-03-08 09:39:13,133 - root -INFO -Reading a parquet file....
2024-03-08 09:39:18,795 - root -INFO -Reading a csv file....
2024-03-08 09:39:18,808 - root -INFO -Application done....
2024-03-08 09:40:41,757 - root -INFO -Let's get started....
2024-03-08 09:40:41,757 - root -INFO -Creating spark object...
2024-03-08 09:40:41,757 - Spark_object_create -INFO -Master is local
2024-03-08 09:40:50,877 - root -INFO -Spark object created successfully.....
2024-03-08 09:40:50,877 - root -INFO -Reading a parquet file....
2024-03-08 09:40:55,854 - root -INFO -Reading a csv file....
2024-03-08 09:41:02,913 - root -INFO -Application done....
2024-03-08 10:11:53,881 - root -INFO -Let's get started....
2024-03-08 10:11:53,886 - root -INFO -Creating spark object...
2024-03-08 10:11:53,886 - Spark_object_create -INFO -Master is local
2024-03-08 10:12:09,319 - root -INFO -Spark object created successfully.....
2024-03-08 10:12:09,400 - root -INFO -Reading a parquet file....
2024-03-08 10:12:15,037 - root -INFO -Reading a csv file....
2024-03-08 10:12:21,911 - root -INFO -Starting the processing of data....
2024-03-08 10:12:21,954 - root -INFO -CITY DATA ======>
2024-03-08 10:12:22,114 - root -INFO -FACT DATA ======>
2024-03-08 10:12:22,282 - root -INFO -Application done....
2024-03-08 10:35:11,016 - root -INFO -Let's get started....
2024-03-08 10:35:11,017 - root -INFO -Creating spark object...
2024-03-08 10:35:11,017 - Spark_object_create -INFO -Master is local
2024-03-08 10:35:26,361 - root -INFO -Spark object created successfully.....
2024-03-08 10:35:26,361 - root -INFO -Reading a parquet file....
2024-03-08 10:35:32,405 - root -INFO -Reading a csv file....
2024-03-08 10:35:40,841 - root -INFO -Starting the processing of data....
2024-03-08 10:35:40,898 - root -INFO -CITY DATA ======>
2024-03-08 10:35:41,022 - root -INFO -FACT DATA ======>
2024-03-08 10:35:41,185 - root -INFO -Printing the schema of the fact data...
2024-03-08 10:35:41,186 - root -INFO -Application done....
2024-03-08 10:40:59,618 - root -INFO -Let's get started....
2024-03-08 10:40:59,618 - root -INFO -Creating spark object...
2024-03-08 10:40:59,618 - Spark_object_create -INFO -Master is local
2024-03-08 10:41:08,928 - root -INFO -Spark object created successfully.....
2024-03-08 10:41:08,928 - root -INFO -Reading a parquet file....
2024-03-08 10:41:14,334 - root -INFO -Reading a csv file....
2024-03-08 10:41:21,371 - root -INFO -Starting the processing of data....
2024-03-08 10:41:21,425 - root -INFO -CITY DATA ======>
2024-03-08 10:41:21,550 - root -INFO -FACT DATA ======>
2024-03-08 10:41:21,707 - root -INFO -Printing the schema of the fact data...
2024-03-08 10:41:21,708 - root -INFO -Application done....
2024-03-08 10:41:56,102 - root -INFO -Let's get started....
2024-03-08 10:41:56,102 - root -INFO -Creating spark object...
2024-03-08 10:41:56,102 - Spark_object_create -INFO -Master is local
2024-03-08 10:42:05,236 - root -INFO -Spark object created successfully.....
2024-03-08 10:42:05,236 - root -INFO -Reading a parquet file....
2024-03-08 10:42:10,478 - root -INFO -Reading a csv file....
2024-03-08 10:42:17,364 - root -INFO -Starting the processing of data....
2024-03-08 10:42:17,426 - root -INFO -CITY DATA ======>
2024-03-08 10:42:17,552 - root -INFO -FACT DATA ======>
2024-03-08 10:42:17,728 - root -INFO -Printing the schema of the fact data...
2024-03-08 10:42:17,729 - root -INFO -Application done....
2024-03-08 10:43:14,274 - root -INFO -Let's get started....
2024-03-08 10:43:14,275 - root -INFO -Creating spark object...
2024-03-08 10:43:14,275 - Spark_object_create -INFO -Master is local
2024-03-08 10:43:23,407 - root -INFO -Spark object created successfully.....
2024-03-08 10:43:23,407 - root -INFO -Reading a parquet file....
2024-03-08 10:43:28,184 - root -INFO -Reading a csv file....
2024-03-08 10:43:34,558 - root -INFO -Starting the processing of data....
2024-03-08 10:43:34,620 - root -INFO -CITY DATA ======>
2024-03-08 10:43:34,747 - root -INFO -FACT DATA ======>
2024-03-08 10:43:34,931 - root -INFO -Printing the schema of the fact data...
2024-03-08 10:43:34,932 - root -INFO -Application done....
2024-03-08 10:50:24,683 - root -INFO -Let's get started....
2024-03-08 10:50:24,684 - root -INFO -Creating spark object...
2024-03-08 10:50:24,684 - Spark_object_create -INFO -Master is local
2024-03-08 10:50:33,986 - root -INFO -Spark object created successfully.....
2024-03-08 10:50:33,986 - root -INFO -Reading a parquet file....
2024-03-08 10:50:39,360 - root -INFO -Reading a csv file....
2024-03-08 10:50:46,268 - root -INFO -Starting the processing of data....
2024-03-08 10:50:46,357 - root -INFO -CITY DATA ======>
2024-03-08 10:50:46,528 - root -INFO -FACT DATA ======>
2024-03-08 10:50:46,704 - root -INFO -Printing the schema of the fact data...
2024-03-08 10:50:46,709 - root -INFO -Application done....
2024-03-08 10:52:09,668 - root -INFO -Let's get started....
2024-03-08 10:52:09,668 - root -INFO -Creating spark object...
2024-03-08 10:52:09,668 - Spark_object_create -INFO -Master is local
2024-03-08 10:52:18,975 - root -INFO -Spark object created successfully.....
2024-03-08 10:52:18,976 - root -INFO -Reading a parquet file....
2024-03-08 10:52:24,152 - root -INFO -Reading a csv file....
2024-03-08 10:52:31,159 - root -INFO -Starting the processing of data....
2024-03-08 10:52:31,338 - root -INFO -CITY DATA ======>
2024-03-08 10:52:31,574 - root -INFO -FACT DATA ======>
2024-03-08 10:52:31,749 - root -INFO -Printing the schema of the fact data...
2024-03-08 10:52:31,755 - root -INFO -Application done....
2024-03-08 10:55:39,269 - root -INFO -Let's get started....
2024-03-08 10:55:39,270 - root -INFO -Creating spark object...
2024-03-08 10:55:39,270 - Spark_object_create -INFO -Master is local
2024-03-08 10:55:48,684 - root -INFO -Spark object created successfully.....
2024-03-08 10:55:48,685 - root -INFO -Reading a parquet file....
2024-03-08 10:55:54,277 - root -INFO -Reading a csv file....
2024-03-08 10:56:01,135 - root -INFO -Starting the processing of data....
2024-03-08 10:56:01,381 - root -INFO -CITY DATA ======>
2024-03-08 10:56:01,539 - root -INFO -FACT DATA ======>
2024-03-08 10:56:01,740 - root -INFO -Printing the schema of the fact data...
2024-03-08 10:56:01,745 - root -INFO -Application done....
2024-03-08 10:58:56,203 - root -INFO -Let's get started....
2024-03-08 10:58:56,204 - root -INFO -Creating spark object...
2024-03-08 10:58:56,204 - Spark_object_create -INFO -Master is local
2024-03-08 10:59:06,288 - root -INFO -Spark object created successfully.....
2024-03-08 10:59:06,289 - root -INFO -Reading a parquet file....
2024-03-08 10:59:11,945 - root -INFO -Reading a csv file....
2024-03-08 10:59:18,590 - root -INFO -Starting the processing of data....
2024-03-08 10:59:39,948 - root -INFO -CITY DATA ======>
2024-03-08 10:59:40,063 - root -INFO -FACT DATA ======>
2024-03-08 10:59:40,184 - root -INFO -Printing the schema of the fact data...
2024-03-08 10:59:40,185 - root -INFO -Application done....
2024-03-08 11:02:52,314 - root -INFO -Let's get started....
2024-03-08 11:02:52,314 - root -INFO -Creating spark object...
2024-03-08 11:02:52,314 - Spark_object_create -INFO -Master is local
2024-03-08 11:03:01,397 - root -INFO -Spark object created successfully.....
2024-03-08 11:03:01,398 - root -INFO -Reading a parquet file....
2024-03-08 11:03:06,518 - root -INFO -Reading a csv file....
2024-03-08 11:03:13,868 - root -INFO -Starting the processing of data....
2024-03-08 11:03:59,182 - root -INFO -CITY DATA ======>
2024-03-08 11:03:59,479 - root -INFO -FACT DATA ======>
2024-03-08 11:03:59,646 - root -INFO -Printing the schema of the fact data...
2024-03-08 11:03:59,661 - root -INFO -Application done....
2024-03-08 11:10:20,907 - root -INFO -Let's get started....
2024-03-08 11:10:20,907 - root -INFO -Creating spark object...
2024-03-08 11:10:20,907 - Spark_object_create -INFO -Master is local
2024-03-08 11:10:32,242 - root -INFO -Spark object created successfully.....
2024-03-08 11:10:32,242 - root -INFO -Reading a parquet file....
2024-03-08 11:10:39,480 - root -INFO -Reading a csv file....
2024-03-08 11:10:47,478 - root -INFO -Starting the processing of data....
2024-03-08 11:10:47,678 - root -INFO -Application done....
2024-03-08 11:16:59,636 - root -INFO -Let's get started....
2024-03-08 11:16:59,636 - root -INFO -Creating spark object...
2024-03-08 11:16:59,636 - Spark_object_create -INFO -Master is local
2024-03-08 11:17:09,534 - root -INFO -Spark object created successfully.....
2024-03-08 11:17:09,538 - root -INFO -Reading a parquet file....
2024-03-08 11:17:16,816 - root -INFO -Reading a csv file....
2024-03-08 11:17:24,016 - root -INFO -Starting the processing of data....
2024-03-08 11:17:24,153 - root -INFO -CITY DATA ======>
2024-03-08 11:17:24,378 - root -INFO -FACT DATA ======>
2024-03-08 11:17:24,569 - root -INFO -Printing the schema of the fact data...
2024-03-08 11:17:24,573 - root -INFO -Checking for null values in dataframe after processing....
2024-03-08 11:17:24,581 - root -INFO -Application done....
2024-03-08 11:28:19,484 - root -INFO -Let's get started....
2024-03-08 11:28:19,485 - root -INFO -Creating spark object...
2024-03-08 11:28:19,485 - Spark_object_create -INFO -Master is local
2024-03-08 11:28:31,948 - root -INFO -Spark object created successfully.....
2024-03-08 11:28:31,948 - root -INFO -Reading a parquet file....
2024-03-08 11:28:40,076 - root -INFO -Reading a csv file....
2024-03-08 11:28:47,225 - root -INFO -Starting the processing of data....
2024-03-08 11:28:47,365 - root -INFO -CITY DATA ======>
2024-03-08 11:28:47,549 - root -INFO -FACT DATA ======>
2024-03-08 11:28:47,744 - root -INFO -Printing the schema of the fact data...
2024-03-08 11:28:47,752 - root -INFO -Checking for null values in dataframe after processing....
2024-03-08 11:29:09,101 - root -INFO -Application done....
2024-03-08 11:32:45,073 - root -INFO -Let's get started....
2024-03-08 11:32:45,074 - root -INFO -Creating spark object...
2024-03-08 11:32:45,074 - Spark_object_create -INFO -Master is local
2024-03-08 11:32:58,438 - root -INFO -Spark object created successfully.....
2024-03-08 11:32:58,438 - root -INFO -Reading a parquet file....
2024-03-08 11:33:05,628 - root -INFO -Reading a csv file....
2024-03-08 11:33:12,642 - root -INFO -Starting the processing of data....
2024-03-08 11:33:12,777 - root -INFO -CITY DATA ======>
2024-03-08 11:33:12,962 - root -INFO -FACT DATA ======>
2024-03-08 11:33:13,157 - root -INFO -Printing the schema of the fact data...
2024-03-08 11:33:13,159 - root -INFO -Checking for null values in dataframe after processing....
2024-03-08 11:33:33,962 - root -INFO -Application done....
2024-03-08 11:40:03,123 - root -INFO -Let's get started....
2024-03-08 11:40:03,132 - root -INFO -Creating spark object...
2024-03-08 11:40:03,132 - Spark_object_create -INFO -Master is local
2024-03-08 11:40:13,091 - root -INFO -Spark object created successfully.....
2024-03-08 11:40:13,091 - root -INFO -Reading a parquet file....
2024-03-08 11:40:19,593 - root -INFO -Reading a csv file....
2024-03-08 11:40:26,907 - root -INFO -Starting the processing of data....
2024-03-08 11:40:27,057 - root -INFO -CITY DATA ======>
2024-03-08 11:40:27,255 - root -INFO -FACT DATA ======>
2024-03-08 11:40:27,499 - root -INFO -Printing the schema of the fact data...
2024-03-08 11:40:27,501 - root -INFO -Checking for null values in dataframe after processing....
2024-03-08 11:40:49,194 - root -INFO -Filling the null values in 'total_claim_count' using fillna()...
2024-03-08 11:40:52,134 - root -INFO -Checking for null values in dataframe after using fillna()....
2024-03-08 11:41:12,673 - root -INFO -Application done....
2024-03-08 12:10:51,707 - root -INFO -Let's get started....
2024-03-08 12:10:51,708 - root -INFO -Creating spark object...
2024-03-08 12:10:51,708 - Spark_object_create -INFO -Master is local
2024-03-08 12:11:01,699 - root -INFO -Spark object created successfully.....
2024-03-08 12:11:01,700 - root -INFO -Reading a parquet file....
2024-03-08 12:11:08,026 - root -INFO -Reading a csv file....
2024-03-08 12:11:15,294 - root -INFO -Starting the processing of data....
2024-03-08 12:11:15,444 - root -INFO -CITY DATA ======>
2024-03-08 12:11:15,647 - root -INFO -FACT DATA ======>
2024-03-08 12:11:15,849 - root -INFO -Printing the schema of the fact data...
2024-03-08 12:11:15,866 - root -INFO -Checking for null values in dataframe after processing....
2024-03-08 12:11:38,162 - root -INFO -Filling the null values in 'total_claim_count' using fillna()...
2024-03-08 12:11:43,374 - root -INFO -Checking for null values in dataframe after using fillna()....
2024-03-08 12:17:31,817 - root -INFO -Let's get started....
2024-03-08 12:17:31,817 - root -INFO -Creating spark object...
2024-03-08 12:17:31,817 - Spark_object_create -INFO -Master is local
2024-03-08 12:17:42,276 - root -INFO -Spark object created successfully.....
2024-03-08 12:17:42,306 - root -INFO -Reading a parquet file....
2024-03-08 12:17:49,009 - root -INFO -Reading a csv file....
2024-03-08 12:17:55,759 - root -INFO -Starting the processing of data....
2024-03-08 12:17:55,889 - root -INFO -CITY DATA ======>
2024-03-08 12:17:56,010 - root -INFO -FACT DATA ======>
2024-03-08 12:17:56,220 - root -INFO -Printing the schema of the fact data...
2024-03-08 12:17:56,230 - root -INFO -Checking for null values in dataframe after processing....
2024-03-08 12:18:16,143 - root -INFO -Filling the null values in 'total_claim_count' using fillna()...
2024-03-08 12:18:19,560 - root -INFO -Checking for null values in dataframe after using fillna()....
2024-03-08 12:20:12,516 - root -INFO -Let's get started....
2024-03-08 12:20:12,516 - root -INFO -Creating spark object...
2024-03-08 12:20:12,516 - Spark_object_create -INFO -Master is local
2024-03-08 12:20:22,509 - root -INFO -Spark object created successfully.....
2024-03-08 12:20:22,509 - root -INFO -Reading a parquet file....
2024-03-08 12:20:29,448 - root -INFO -Reading a csv file....
2024-03-08 12:20:36,954 - root -INFO -Starting the processing of data....
2024-03-08 12:20:37,146 - root -INFO -CITY DATA ======>
2024-03-08 12:20:37,406 - root -INFO -FACT DATA ======>
2024-03-08 12:20:37,696 - root -INFO -Printing the schema of the fact data...
2024-03-08 12:20:37,703 - root -INFO -Checking for null values in dataframe after processing....
2024-03-08 12:20:59,718 - root -INFO -Filling the null values in 'total_claim_count' using fillna()...
2024-03-08 12:21:02,425 - root -INFO -Checking for null values in dataframe after using fillna()....
2024-03-08 12:24:54,631 - root -INFO -Let's get started....
2024-03-08 12:24:54,633 - root -INFO -Creating spark object...
2024-03-08 12:24:54,633 - Spark_object_create -INFO -Master is local
2024-03-08 12:25:05,038 - root -INFO -Spark object created successfully.....
2024-03-08 12:25:05,039 - root -INFO -Reading a parquet file....
2024-03-08 12:25:12,119 - root -INFO -Reading a csv file....
2024-03-08 12:25:18,920 - root -INFO -Starting the processing of data....
2024-03-08 12:25:19,080 - root -INFO -CITY DATA ======>
2024-03-08 12:25:19,278 - root -INFO -FACT DATA ======>
2024-03-08 12:25:19,489 - root -INFO -Printing the schema of the fact data...
2024-03-08 12:25:19,496 - root -INFO -Checking for null values in dataframe after processing....
2024-03-08 12:25:40,800 - root -INFO -Filling the null values in 'total_claim_count' using fillna()...
2024-03-08 12:25:46,176 - root -INFO -Checking for null values in dataframe after using fillna()....
2024-03-08 12:27:24,769 - root -INFO -Let's get started....
2024-03-08 12:27:24,769 - root -INFO -Creating spark object...
2024-03-08 12:27:24,769 - Spark_object_create -INFO -Master is local
2024-03-08 12:27:34,809 - root -INFO -Spark object created successfully.....
2024-03-08 12:27:34,809 - root -INFO -Reading a parquet file....
2024-03-08 12:27:41,163 - root -INFO -Reading a csv file....
2024-03-08 12:27:48,559 - root -INFO -Starting the processing of data....
2024-03-08 12:27:48,709 - root -INFO -CITY DATA ======>
2024-03-08 12:27:48,898 - root -INFO -FACT DATA ======>
2024-03-08 12:27:49,115 - root -INFO -Printing the schema of the fact data...
2024-03-08 12:27:49,125 - root -INFO -Checking for null values in dataframe after processing....
2024-03-08 12:28:11,026 - root -INFO -Filling the null values in 'total_claim_count' using fillna()...
2024-03-08 12:28:14,279 - root -INFO -Checking for null values in dataframe after using fillna()....
2024-03-08 12:32:41,070 - root -INFO -Let's get started....
2024-03-08 12:32:41,070 - root -INFO -Creating spark object...
2024-03-08 12:32:41,070 - Spark_object_create -INFO -Master is local
2024-03-08 12:32:54,796 - root -INFO -Spark object created successfully.....
2024-03-08 12:32:54,796 - root -INFO -Reading a parquet file....
2024-03-08 12:33:01,014 - root -INFO -Reading a csv file....
2024-03-08 12:33:08,041 - root -INFO -Starting the processing of data....
2024-03-08 12:33:08,193 - root -INFO -CITY DATA ======>
2024-03-08 12:33:08,396 - root -INFO -FACT DATA ======>
2024-03-08 12:33:08,628 - root -INFO -Printing the schema of the fact data...
2024-03-08 12:33:08,635 - root -INFO -Checking for null values in dataframe after processing....
2024-03-08 12:33:29,556 - root -INFO -Filling the null values in 'total_claim_count' using fillna()...
2024-03-08 12:33:34,663 - root -INFO -Checking for null values in dataframe after using fillna()....
2024-03-08 12:38:40,029 - root -INFO -Let's get started....
2024-03-08 12:38:40,029 - root -INFO -Creating spark object...
2024-03-08 12:38:40,030 - Spark_object_create -INFO -Master is local
2024-03-08 12:38:49,735 - root -INFO -Spark object created successfully.....
2024-03-08 12:38:49,735 - root -INFO -Reading a parquet file....
2024-03-08 12:38:56,330 - root -INFO -Reading a csv file....
2024-03-08 12:39:03,599 - root -INFO -Starting the processing of data....
2024-03-08 12:39:03,757 - root -INFO -CITY DATA ======>
2024-03-08 12:39:03,941 - root -INFO -FACT DATA ======>
2024-03-08 12:39:04,166 - root -INFO -Printing the schema of the fact data...
2024-03-08 12:39:04,173 - root -INFO -Checking for null values in dataframe after processing....
2024-03-08 12:39:25,568 - root -INFO -Filling the null values in 'total_claim_count' using fillna()...
2024-03-08 12:39:30,422 - root -INFO -Checking for null values in dataframe after using fillna()....
2024-03-08 12:42:39,667 - root -INFO -Let's get started....
2024-03-08 12:42:39,667 - root -INFO -Creating spark object...
2024-03-08 12:42:39,667 - Spark_object_create -INFO -Master is local
2024-03-08 12:42:48,830 - root -INFO -Spark object created successfully.....
2024-03-08 12:42:48,830 - root -INFO -Reading a parquet file....
2024-03-08 12:42:54,275 - root -INFO -Reading a csv file....
2024-03-08 12:43:00,683 - root -INFO -Starting the processing of data....
2024-03-08 12:43:00,848 - root -INFO -CITY DATA ======>
2024-03-08 12:43:01,031 - root -INFO -FACT DATA ======>
2024-03-08 12:43:01,238 - root -INFO -Printing the schema of the fact data...
2024-03-08 12:43:01,240 - root -INFO -Checking for null values in dataframe after processing....
2024-03-08 12:43:21,392 - root -INFO -Filling the null values in 'total_claim_count' using fillna()...
2024-03-08 12:43:24,492 - root -INFO -Checking for null values in dataframe after using fillna()....
2024-03-08 12:44:28,333 - root -INFO -Let's get started....
2024-03-08 12:44:28,333 - root -INFO -Creating spark object...
2024-03-08 12:44:28,333 - Spark_object_create -INFO -Master is local
2024-03-08 12:44:38,343 - root -INFO -Spark object created successfully.....
2024-03-08 12:44:38,343 - root -INFO -Reading a parquet file....
2024-03-08 12:44:45,082 - root -INFO -Reading a csv file....
2024-03-08 12:44:52,532 - root -INFO -Starting the processing of data....
2024-03-08 12:44:52,724 - root -INFO -CITY DATA ======>
2024-03-08 12:44:52,948 - root -INFO -FACT DATA ======>
2024-03-08 12:44:53,211 - root -INFO -Printing the schema of the fact data...
2024-03-08 12:44:53,215 - root -INFO -Checking for null values in dataframe after processing....
2024-03-08 12:45:14,666 - root -INFO -Filling the null values in 'total_claim_count' using fillna()...
2024-03-08 12:45:17,412 - root -INFO -Checking for null values in dataframe after using fillna()....
2024-03-08 12:52:04,935 - root -INFO -Let's get started....
2024-03-08 12:52:04,936 - root -INFO -Creating spark object...
2024-03-08 12:52:04,936 - Spark_object_create -INFO -Master is local
2024-03-08 12:52:14,850 - root -INFO -Spark object created successfully.....
2024-03-08 12:52:14,850 - root -INFO -Reading a parquet file....
2024-03-08 12:52:21,009 - root -INFO -Reading a csv file....
2024-03-08 12:52:27,985 - root -INFO -Starting the processing of data....
2024-03-08 12:52:28,132 - root -INFO -CITY DATA ======>
2024-03-08 12:52:28,343 - root -INFO -FACT DATA ======>
2024-03-08 12:52:28,553 - root -INFO -Printing the schema of the fact data...
2024-03-08 12:52:28,559 - root -INFO -Checking for null values in dataframe after processing....
2024-03-08 12:52:49,700 - root -INFO -Filling the null values in 'total_claim_count' using fillna()...
2024-03-08 12:52:53,357 - root -INFO -Checking for null values in dataframe after using fillna()....
2024-03-08 12:58:22,803 - root -INFO -Let's get started....
2024-03-08 12:58:22,803 - root -INFO -Creating spark object...
2024-03-08 12:58:22,803 - Spark_object_create -INFO -Master is local
2024-03-08 12:58:32,333 - root -INFO -Spark object created successfully.....
2024-03-08 12:58:32,333 - root -INFO -Reading a parquet file....
2024-03-08 12:58:39,536 - root -INFO -Reading a csv file....
2024-03-08 12:58:46,311 - root -INFO -Starting the processing of data....
2024-03-08 12:58:46,472 - root -INFO -CITY DATA ======>
2024-03-08 12:58:46,688 - root -INFO -FACT DATA ======>
2024-03-08 12:58:46,884 - root -INFO -Printing the schema of the fact data...
2024-03-08 12:58:46,887 - root -INFO -Checking for null values in dataframe after processing....
2024-03-08 12:59:07,965 - root -INFO -Filling the null values in 'total_claim_count' using fillna()...
2024-03-08 12:59:12,876 - root -INFO -Checking for null values in dataframe after using fillna()....
2024-03-08 13:08:16,956 - root -INFO -Let's get started....
2024-03-08 13:08:16,957 - root -INFO -Creating spark object...
2024-03-08 13:08:16,957 - Spark_object_create -INFO -Master is local
2024-03-08 13:08:27,508 - root -INFO -Spark object created successfully.....
2024-03-08 13:08:27,508 - root -INFO -Reading a parquet file....
2024-03-08 13:08:33,001 - root -INFO -Reading a csv file....
2024-03-08 13:08:39,627 - root -INFO -Starting the processing of data....
2024-03-08 13:08:39,767 - root -INFO -CITY DATA ======>
2024-03-08 13:08:39,954 - root -INFO -FACT DATA ======>
2024-03-08 13:08:40,136 - root -INFO -Printing the schema of the fact data...
2024-03-08 13:08:40,136 - root -INFO -Checking for null values in dataframe after processing....
2024-03-08 13:09:00,518 - root -INFO -Filling the null values in 'total_claim_count' using fillna()...
2024-03-08 13:09:04,650 - root -INFO -Checking for null values in dataframe after using fillna()....
2024-03-08 14:11:41,549 - root -INFO -Let's get started....
2024-03-08 14:11:41,550 - root -INFO -Creating spark object...
2024-03-08 14:11:41,550 - Spark_object_create -INFO -Master is local
2024-03-08 14:29:53,036 - root -INFO -Let's get started....
2024-03-08 14:29:53,037 - root -INFO -Creating spark object...
2024-03-08 14:29:53,037 - Spark_object_create -INFO -Master is local
2024-03-08 14:30:03,328 - root -INFO -Spark object created successfully.....
2024-03-08 14:30:03,426 - root -INFO -Reading a parquet file....
2024-03-08 14:30:09,620 - root -INFO -Reading a csv file....
2024-03-08 14:30:16,555 - root -INFO -Starting the processing of data....
2024-03-08 14:30:16,699 - root -INFO -CITY DATA ======>
2024-03-08 14:30:16,878 - root -INFO -FACT DATA ======>
2024-03-08 14:30:17,116 - root -INFO -Printing the schema of the fact data...
2024-03-08 14:30:17,128 - root -INFO -Checking for null values in dataframe after processing....
2024-03-08 14:30:41,764 - root -INFO -Filling the null values in 'total_claim_count' using fillna()...
2024-03-08 14:30:47,075 - root -INFO -Checking for null values in dataframe after using fillna()....
2024-03-08 14:48:02,817 - root -INFO -Let's get started....
2024-03-08 14:48:02,818 - root -INFO -Creating spark object...
2024-03-08 14:48:02,818 - Spark_object_create -INFO -Master is local
2024-03-08 14:48:13,132 - root -INFO -Spark object created successfully.....
2024-03-08 14:48:13,133 - root -INFO -Reading a parquet file....
2024-03-08 14:48:20,035 - root -INFO -Reading a csv file....
2024-03-08 14:48:26,911 - root -INFO -Starting the processing of data....
2024-03-08 14:48:27,054 - root -INFO -CITY DATA ======>
2024-03-08 14:48:27,247 - root -INFO -FACT DATA ======>
2024-03-08 14:48:27,452 - root -INFO -Printing the schema of the fact data...
2024-03-08 14:48:27,454 - root -INFO -Checking for null values in dataframe after processing....
2024-03-08 14:48:48,593 - root -INFO -Filling the null values in 'total_claim_count' using fillna()...
2024-03-08 14:48:48,598 - root -INFO -Application done....
2024-03-08 14:50:43,067 - root -INFO -Let's get started....
2024-03-08 14:50:43,067 - root -INFO -Creating spark object...
2024-03-08 14:50:43,067 - Spark_object_create -INFO -Master is local
2024-03-08 14:50:52,894 - root -INFO -Spark object created successfully.....
2024-03-08 14:50:52,894 - root -INFO -Reading a parquet file....
2024-03-08 14:50:59,465 - root -INFO -Reading a csv file....
2024-03-08 14:51:06,553 - root -INFO -Starting the processing of data....
2024-03-08 14:51:06,711 - root -INFO -CITY DATA ======>
2024-03-08 14:51:06,899 - root -INFO -FACT DATA ======>
2024-03-08 14:51:07,121 - root -INFO -Printing the schema of the fact data...
2024-03-08 14:51:07,133 - root -INFO -Checking for null values in dataframe after processing....
2024-03-08 14:51:28,330 - root -INFO -Filling the null values in 'total_claim_count' using fillna()...
2024-03-08 14:51:33,015 - root -INFO -Checking for null values in dataframe after using fillna()....
2024-03-08 14:51:55,188 - root -INFO -Starting the process of data transformation....
2024-03-08 14:51:55,527 - root -INFO -Application done....
2024-03-08 14:53:50,416 - root -INFO -Let's get started....
2024-03-08 14:53:50,417 - root -INFO -Creating spark object...
2024-03-08 14:53:50,417 - Spark_object_create -INFO -Master is local
2024-03-08 14:54:00,687 - root -INFO -Spark object created successfully.....
2024-03-08 14:54:00,687 - root -INFO -Reading a parquet file....
2024-03-08 14:54:06,866 - root -INFO -Reading a csv file....
2024-03-08 14:54:14,100 - root -INFO -Starting the processing of data....
2024-03-08 14:54:14,259 - root -INFO -CITY DATA ======>
2024-03-08 14:54:14,451 - root -INFO -FACT DATA ======>
2024-03-08 14:54:14,672 - root -INFO -Printing the schema of the fact data...
2024-03-08 14:54:14,686 - root -INFO -Checking for null values in dataframe after processing....
2024-03-08 14:54:36,133 - root -INFO -Filling the null values in 'total_claim_count' using fillna()...
2024-03-08 14:54:40,729 - root -INFO -Checking for null values in dataframe after using fillna()....
2024-03-08 14:55:02,276 - root -INFO -Starting the process of data transformation....
2024-03-08 14:55:02,498 - root -INFO -Application done....
2024-03-08 14:56:17,878 - root -INFO -Let's get started....
2024-03-08 14:56:17,878 - root -INFO -Creating spark object...
2024-03-08 14:56:17,878 - Spark_object_create -INFO -Master is local
2024-03-08 14:56:27,821 - root -INFO -Spark object created successfully.....
2024-03-08 14:56:27,821 - root -INFO -Reading a parquet file....
2024-03-08 14:56:34,748 - root -INFO -Reading a csv file....
2024-03-08 14:56:42,608 - root -INFO -Starting the processing of data....
2024-03-08 14:56:42,765 - root -INFO -CITY DATA ======>
2024-03-08 14:56:42,948 - root -INFO -FACT DATA ======>
2024-03-08 14:56:43,163 - root -INFO -Printing the schema of the fact data...
2024-03-08 14:56:43,169 - root -INFO -Checking for null values in dataframe after processing....
2024-03-08 14:57:05,253 - root -INFO -Filling the null values in 'total_claim_count' using fillna()...
2024-03-08 14:57:09,911 - root -INFO -Checking for null values in dataframe after using fillna()....
2024-03-08 14:57:30,425 - root -INFO -Starting the process of data transformation....
2024-03-08 14:57:30,848 - root -INFO -Application done....
2024-03-08 14:58:42,366 - root -INFO -Let's get started....
2024-03-08 14:58:42,366 - root -INFO -Creating spark object...
2024-03-08 14:58:42,366 - Spark_object_create -INFO -Master is local
2024-03-08 14:58:51,985 - root -INFO -Spark object created successfully.....
2024-03-08 14:58:51,985 - root -INFO -Reading a parquet file....
2024-03-08 14:58:59,861 - root -INFO -Reading a csv file....
2024-03-08 14:59:07,650 - root -INFO -Starting the processing of data....
2024-03-08 14:59:07,825 - root -INFO -CITY DATA ======>
2024-03-08 14:59:08,106 - root -INFO -FACT DATA ======>
2024-03-08 14:59:08,395 - root -INFO -Printing the schema of the fact data...
2024-03-08 14:59:08,410 - root -INFO -Checking for null values in dataframe after processing....
2024-03-08 14:59:30,994 - root -INFO -Filling the null values in 'total_claim_count' using fillna()...
2024-03-08 14:59:34,872 - root -INFO -Checking for null values in dataframe after using fillna()....
2024-03-08 14:59:56,310 - root -INFO -Starting the process of data transformation....
2024-03-08 14:59:56,390 - root -INFO -Application done....
2024-03-08 15:04:49,410 - root -INFO -Let's get started....
2024-03-08 15:04:49,410 - root -INFO -Creating spark object...
2024-03-08 15:04:49,410 - Spark_object_create -INFO -Master is local
2024-03-08 15:05:00,603 - root -INFO -Spark object created successfully.....
2024-03-08 15:05:00,633 - root -INFO -Reading a parquet file....
2024-03-08 15:05:07,747 - root -INFO -Reading a csv file....
2024-03-08 15:05:15,394 - root -INFO -Starting the processing of data....
2024-03-08 15:05:15,546 - root -INFO -CITY DATA ======>
2024-03-08 15:05:15,777 - root -INFO -FACT DATA ======>
2024-03-08 15:05:16,033 - root -INFO -Printing the schema of the fact data...
2024-03-08 15:05:16,036 - root -INFO -Checking for null values in dataframe after processing....
2024-03-08 15:05:38,708 - root -INFO -Filling the null values in 'total_claim_count' using fillna()...
2024-03-08 15:05:43,228 - root -INFO -Checking for null values in dataframe after using fillna()....
2024-03-08 15:06:03,879 - root -INFO -Starting the process of data transformation....
2024-03-08 15:06:03,977 - root -INFO -Now, diplaying the data report (tranformed data)....
2024-03-08 15:06:11,794 - root -INFO -Application done....
2024-03-08 18:10:37,173 - root -INFO -Let's get started....
2024-03-08 18:10:37,174 - root -INFO -Creating spark object...
2024-03-08 18:10:37,174 - Spark_object_create -INFO -Master is local
2024-03-08 18:10:47,292 - root -INFO -Spark object created successfully.....
2024-03-08 18:10:47,292 - root -INFO -Reading a parquet file....
2024-03-08 18:10:52,799 - root -INFO -Reading a csv file....
2024-03-08 18:11:00,058 - root -INFO -Starting the processing of data....
2024-03-08 18:11:00,204 - root -INFO -CITY DATA ======>
2024-03-08 18:11:00,413 - root -INFO -FACT DATA ======>
2024-03-08 18:11:00,617 - root -INFO -Printing the schema of the fact data...
2024-03-08 18:11:00,626 - root -INFO -Checking for null values in dataframe after processing....
2024-03-08 18:11:26,473 - root -INFO -Filling the null values in 'total_claim_count' using fillna()...
2024-03-08 18:11:31,457 - root -INFO -Checking for null values in dataframe after using fillna()....
2024-03-08 18:11:54,623 - root -INFO -Starting the process of data transformation....
2024-03-08 18:11:54,745 - root -INFO -Now, diplaying the data report (tranformed data)....
2024-03-08 18:12:01,693 - root -INFO -Displaying a second report on the fact data....
2024-03-08 18:12:01,803 - root -INFO -Application done....
2024-03-08 18:59:26,322 - root -INFO -Let's get started....
2024-03-08 18:59:26,335 - root -INFO -Creating spark object...
2024-03-08 18:59:26,336 - Spark_object_create -INFO -Master is local
2024-03-08 18:59:37,053 - root -INFO -Spark object created successfully.....
2024-03-08 18:59:37,132 - root -INFO -Reading a parquet file....
2024-03-08 18:59:45,500 - root -INFO -Reading a csv file....
2024-03-08 18:59:52,888 - root -INFO -Starting the processing of data....
2024-03-08 18:59:53,070 - root -INFO -CITY DATA ======>
2024-03-08 18:59:53,358 - root -INFO -FACT DATA ======>
2024-03-08 18:59:53,702 - root -INFO -Printing the schema of the fact data...
2024-03-08 18:59:53,706 - root -INFO -Checking for null values in dataframe after processing....
2024-03-08 19:00:15,056 - root -INFO -Filling the null values in 'total_claim_count' using fillna()...
2024-03-08 19:00:18,579 - root -INFO -Checking for null values in dataframe after using fillna()....
2024-03-08 19:00:38,795 - root -INFO -Starting the process of data transformation....
2024-03-08 19:01:05,246 - root -INFO -Let's get started....
2024-03-08 19:01:05,246 - root -INFO -Creating spark object...
2024-03-08 19:01:05,247 - Spark_object_create -INFO -Master is local
2024-03-08 19:01:14,859 - root -INFO -Spark object created successfully.....
2024-03-08 19:01:14,859 - root -INFO -Reading a parquet file....
2024-03-08 19:01:20,105 - root -INFO -Reading a csv file....
2024-03-08 19:01:27,293 - root -INFO -Starting the processing of data....
2024-03-08 19:01:27,426 - root -INFO -CITY DATA ======>
2024-03-08 19:01:27,566 - root -INFO -FACT DATA ======>
2024-03-08 19:01:27,750 - root -INFO -Printing the schema of the fact data...
2024-03-08 19:01:27,766 - root -INFO -Checking for null values in dataframe after processing....
2024-03-08 19:01:47,345 - root -INFO -Filling the null values in 'total_claim_count' using fillna()...
2024-03-08 19:01:51,920 - root -INFO -Checking for null values in dataframe after using fillna()....
2024-03-08 19:03:57,891 - root -INFO -Let's get started....
2024-03-08 19:03:57,891 - root -INFO -Creating spark object...
2024-03-08 19:03:57,891 - Spark_object_create -INFO -Master is local
2024-03-08 19:04:07,654 - root -INFO -Spark object created successfully.....
2024-03-08 19:04:07,654 - root -INFO -Reading a parquet file....
2024-03-08 19:04:14,437 - root -INFO -Reading a csv file....
2024-03-08 19:04:22,019 - root -INFO -Starting the processing of data....
2024-03-08 19:04:22,190 - root -INFO -CITY DATA ======>
2024-03-08 19:04:22,507 - root -INFO -FACT DATA ======>
2024-03-08 19:04:22,752 - root -INFO -Printing the schema of the fact data...
2024-03-08 19:04:22,756 - root -INFO -Checking for null values in dataframe after processing....
2024-03-08 19:04:44,373 - root -INFO -Filling the null values in 'total_claim_count' using fillna()...
2024-03-08 19:04:47,022 - root -INFO -Checking for null values in dataframe after using fillna()....
2024-03-08 19:05:46,068 - root -INFO -Let's get started....
2024-03-08 19:05:46,068 - root -INFO -Creating spark object...
2024-03-08 19:05:46,068 - Spark_object_create -INFO -Master is local
2024-03-08 19:05:56,193 - root -INFO -Spark object created successfully.....
2024-03-08 19:05:56,193 - root -INFO -Reading a parquet file....
2024-03-08 19:06:03,012 - root -INFO -Reading a csv file....
2024-03-08 19:06:10,715 - root -INFO -Starting the processing of data....
2024-03-08 19:06:11,083 - root -INFO -CITY DATA ======>
2024-03-08 19:06:11,318 - root -INFO -FACT DATA ======>
2024-03-08 19:06:11,633 - root -INFO -Printing the schema of the fact data...
2024-03-08 19:06:11,641 - root -INFO -Checking for null values in dataframe after processing....
2024-03-08 19:06:32,874 - root -INFO -Filling the null values in 'total_claim_count' using fillna()...
2024-03-08 19:06:35,123 - root -INFO -Checking for null values in dataframe after using fillna()....
2024-03-08 19:39:44,488 - root -INFO -Let's get started....
2024-03-08 19:39:44,489 - root -INFO -Creating spark object...
2024-03-08 19:39:44,489 - Spark_object_create -INFO -Master is local
2024-03-08 19:39:54,217 - root -INFO -Spark object created successfully.....
2024-03-08 19:39:54,217 - root -INFO -Reading a parquet file....
2024-03-08 19:39:59,732 - root -INFO -Reading a csv file....
2024-03-08 19:40:06,417 - root -INFO -Starting the processing of data....
2024-03-08 19:40:06,546 - root -INFO -CITY DATA ======>
2024-03-08 19:40:06,740 - root -INFO -FACT DATA ======>
2024-03-08 19:40:06,928 - root -INFO -Printing the schema of the fact data...
2024-03-08 19:40:06,933 - root -INFO -Checking for null values in dataframe after processing....
2024-03-08 19:40:26,744 - root -INFO -Filling the null values in 'total_claim_count' using fillna()...
2024-03-08 19:40:29,313 - root -INFO -Checking for null values in dataframe after using fillna()....
2024-03-08 19:42:21,365 - root -INFO -Let's get started....
2024-03-08 19:42:21,365 - root -INFO -Creating spark object...
2024-03-08 19:42:21,365 - Spark_object_create -INFO -Master is local
2024-03-08 19:42:31,746 - root -INFO -Spark object created successfully.....
2024-03-08 19:42:31,746 - root -INFO -Reading a parquet file....
2024-03-08 19:42:37,250 - root -INFO -Reading a csv file....
2024-03-08 19:42:44,303 - root -INFO -Starting the processing of data....
2024-03-08 19:42:44,430 - root -INFO -CITY DATA ======>
2024-03-08 19:42:44,603 - root -INFO -FACT DATA ======>
2024-03-08 19:42:44,807 - root -INFO -Printing the schema of the fact data...
2024-03-08 19:42:44,823 - root -INFO -Checking for null values in dataframe after processing....
2024-03-08 19:43:04,978 - root -INFO -Filling the null values in 'total_claim_count' using fillna()...
2024-03-08 19:43:08,914 - root -INFO -Checking for null values in dataframe after using fillna()....
2024-03-08 20:04:07,120 - root -INFO -Let's get started....
2024-03-08 20:04:07,121 - root -INFO -Creating spark object...
2024-03-08 20:04:07,121 - Spark_object_create -INFO -Master is local
2024-03-08 20:04:17,005 - root -INFO -Spark object created successfully.....
2024-03-08 20:04:17,006 - root -INFO -Reading a parquet file....
2024-03-08 20:04:22,666 - root -INFO -Reading a csv file....
2024-03-08 20:04:29,480 - root -INFO -Starting the processing of data....
2024-03-08 20:04:29,606 - root -INFO -CITY DATA ======>
2024-03-08 20:04:29,792 - root -INFO -FACT DATA ======>
2024-03-08 20:04:30,017 - root -INFO -Printing the schema of the fact data...
2024-03-08 20:04:30,021 - root -INFO -Checking for null values in dataframe after processing....
2024-03-08 20:04:50,294 - root -INFO -Filling the null values in 'total_claim_count' using fillna()...
2024-03-08 20:04:53,906 - root -INFO -Checking for null values in dataframe after using fillna()....
2024-03-08 20:08:38,893 - root -INFO -Let's get started....
2024-03-08 20:08:38,893 - root -INFO -Creating spark object...
2024-03-08 20:08:38,893 - Spark_object_create -INFO -Master is local
2024-03-08 20:08:48,187 - root -INFO -Spark object created successfully.....
2024-03-08 20:08:48,187 - root -INFO -Reading a parquet file....
2024-03-08 20:08:53,895 - root -INFO -Reading a csv file....
2024-03-08 20:09:00,783 - root -INFO -Starting the processing of data....
2024-03-08 20:09:00,909 - root -INFO -CITY DATA ======>
2024-03-08 20:09:01,125 - root -INFO -FACT DATA ======>
2024-03-08 20:09:01,380 - root -INFO -Printing the schema of the fact data...
2024-03-08 20:09:01,383 - root -INFO -Checking for null values in dataframe after processing....
2024-03-08 20:09:21,767 - root -INFO -Filling the null values in 'total_claim_count' using fillna()...
2024-03-08 20:09:26,031 - root -INFO -Checking for null values in dataframe after using fillna()....
2024-03-08 20:11:47,194 - root -INFO -Let's get started....
2024-03-08 20:11:47,194 - root -INFO -Creating spark object...
2024-03-08 20:11:47,194 - Spark_object_create -INFO -Master is local
2024-03-08 20:11:56,662 - root -INFO -Spark object created successfully.....
2024-03-08 20:11:56,662 - root -INFO -Reading a parquet file....
2024-03-08 20:12:05,220 - root -INFO -Reading a csv file....
2024-03-08 20:12:12,980 - root -INFO -Starting the processing of data....
2024-03-08 20:12:13,116 - root -INFO -CITY DATA ======>
2024-03-08 20:12:13,316 - root -INFO -FACT DATA ======>
2024-03-08 20:12:13,547 - root -INFO -Printing the schema of the fact data...
2024-03-08 20:12:13,553 - root -INFO -Checking for null values in dataframe after processing....
2024-03-08 20:12:35,850 - root -INFO -Filling the null values in 'total_claim_count' using fillna()...
2024-03-08 20:12:39,490 - root -INFO -Checking for null values in dataframe after using fillna()....
2024-03-08 20:16:52,958 - root -INFO -Let's get started....
2024-03-08 20:16:52,987 - root -INFO -Creating spark object...
2024-03-08 20:16:52,987 - Spark_object_create -INFO -Master is local
2024-03-08 20:17:03,846 - root -INFO -Spark object created successfully.....
2024-03-08 20:17:03,846 - root -INFO -Reading a parquet file....
2024-03-08 20:17:12,596 - root -INFO -Reading a csv file....
2024-03-08 20:17:20,014 - root -INFO -Starting the processing of data....
2024-03-08 20:17:20,173 - root -INFO -CITY DATA ======>
2024-03-08 20:17:20,361 - root -INFO -FACT DATA ======>
2024-03-08 20:17:20,551 - root -INFO -Printing the schema of the fact data...
2024-03-08 20:17:20,567 - root -INFO -Checking for null values in dataframe after processing....
2024-03-08 20:17:41,853 - root -INFO -Filling the null values in 'total_claim_count' using fillna()...
2024-03-08 20:17:45,307 - root -INFO -Checking for null values in dataframe after using fillna()....
2024-03-08 20:22:11,367 - root -INFO -Let's get started....
2024-03-08 20:22:11,367 - root -INFO -Creating spark object...
2024-03-08 20:22:11,367 - Spark_object_create -INFO -Master is local
2024-03-08 20:22:20,386 - root -INFO -Spark object created successfully.....
2024-03-08 20:22:20,386 - root -INFO -Reading a parquet file....
2024-03-08 20:22:26,023 - root -INFO -Reading a csv file....
2024-03-08 20:22:32,844 - root -INFO -Starting the processing of data....
2024-03-08 20:22:32,970 - root -INFO -CITY DATA ======>
2024-03-08 20:22:33,127 - root -INFO -FACT DATA ======>
2024-03-08 20:22:33,316 - root -INFO -Printing the schema of the fact data...
2024-03-08 20:22:33,332 - root -INFO -Checking for null values in dataframe after processing....
2024-03-08 20:22:54,051 - root -INFO -Filling the null values in 'total_claim_count' using fillna()...
2024-03-08 20:22:59,462 - root -INFO -Checking for null values in dataframe after using fillna()....
2024-03-08 20:24:02,612 - root -INFO -Let's get started....
2024-03-08 20:24:02,612 - root -INFO -Creating spark object...
2024-03-08 20:24:02,612 - Spark_object_create -INFO -Master is local
2024-03-08 20:24:11,715 - root -INFO -Spark object created successfully.....
2024-03-08 20:24:11,716 - root -INFO -Reading a parquet file....
2024-03-08 20:24:18,101 - root -INFO -Reading a csv file....
2024-03-08 20:24:25,464 - root -INFO -Starting the processing of data....
2024-03-08 20:24:25,592 - root -INFO -CITY DATA ======>
2024-03-08 20:24:25,721 - root -INFO -FACT DATA ======>
2024-03-08 20:24:25,949 - root -INFO -Printing the schema of the fact data...
2024-03-08 20:24:25,950 - root -INFO -Checking for null values in dataframe after processing....
2024-03-08 20:24:47,049 - root -INFO -Filling the null values in 'total_claim_count' using fillna()...
2024-03-08 20:24:49,591 - root -INFO -Checking for null values in dataframe after using fillna()....
2024-03-08 20:25:53,245 - root -INFO -Let's get started....
2024-03-08 20:25:53,245 - root -INFO -Creating spark object...
2024-03-08 20:25:53,245 - Spark_object_create -INFO -Master is local
2024-03-08 20:26:02,429 - root -INFO -Spark object created successfully.....
2024-03-08 20:26:02,430 - root -INFO -Reading a parquet file....
2024-03-08 20:26:07,970 - root -INFO -Reading a csv file....
2024-03-08 20:26:14,896 - root -INFO -Starting the processing of data....
2024-03-08 20:26:15,024 - root -INFO -CITY DATA ======>
2024-03-08 20:26:15,148 - root -INFO -FACT DATA ======>
2024-03-08 20:26:15,364 - root -INFO -Printing the schema of the fact data...
2024-03-08 20:26:15,376 - root -INFO -Checking for null values in dataframe after processing....
2024-03-08 20:26:35,630 - root -INFO -Filling the null values in 'total_claim_count' using fillna()...
2024-03-08 20:26:38,894 - root -INFO -Checking for null values in dataframe after using fillna()....
2024-03-08 20:31:26,141 - root -INFO -Let's get started....
2024-03-08 20:31:26,142 - root -INFO -Creating spark object...
2024-03-08 20:31:26,142 - Spark_object_create -INFO -Master is local
2024-03-08 20:31:35,694 - root -INFO -Spark object created successfully.....
2024-03-08 20:31:35,694 - root -INFO -Reading a parquet file....
2024-03-08 20:31:41,268 - root -INFO -Reading a csv file....
2024-03-08 20:31:48,442 - root -INFO -Starting the processing of data....
2024-03-08 20:31:48,559 - root -INFO -CITY DATA ======>
2024-03-08 20:31:48,742 - root -INFO -FACT DATA ======>
2024-03-08 20:31:48,946 - root -INFO -Printing the schema of the fact data...
2024-03-08 20:31:48,962 - root -INFO -Checking for null values in dataframe after processing....
2024-03-08 20:32:08,964 - root -INFO -Filling the null values in 'total_claim_count' using fillna()...
2024-03-08 20:32:11,419 - root -INFO -Checking for null values in dataframe after using fillna()....
2024-03-08 20:33:01,801 - root -INFO -Let's get started....
2024-03-08 20:33:01,801 - root -INFO -Creating spark object...
2024-03-08 20:33:01,801 - Spark_object_create -INFO -Master is local
2024-03-08 20:33:10,964 - root -INFO -Spark object created successfully.....
2024-03-08 20:33:10,964 - root -INFO -Reading a parquet file....
2024-03-08 20:33:16,217 - root -INFO -Reading a csv file....
2024-03-08 20:33:23,421 - root -INFO -Starting the processing of data....
2024-03-08 20:33:23,552 - root -INFO -CITY DATA ======>
2024-03-08 20:33:23,708 - root -INFO -FACT DATA ======>
2024-03-08 20:33:23,928 - root -INFO -Printing the schema of the fact data...
2024-03-08 20:33:23,932 - root -INFO -Checking for null values in dataframe after processing....
2024-03-08 20:33:43,862 - root -INFO -Filling the null values in 'total_claim_count' using fillna()...
2024-03-08 20:33:46,189 - root -INFO -Checking for null values in dataframe after using fillna()....
2024-03-08 20:35:05,660 - root -INFO -Let's get started....
2024-03-08 20:35:05,660 - root -INFO -Creating spark object...
2024-03-08 20:35:05,660 - Spark_object_create -INFO -Master is local
2024-03-08 20:35:15,190 - root -INFO -Spark object created successfully.....
2024-03-08 20:35:15,190 - root -INFO -Reading a parquet file....
2024-03-08 20:35:20,798 - root -INFO -Reading a csv file....
2024-03-08 20:35:27,798 - root -INFO -Starting the processing of data....
2024-03-08 20:35:27,924 - root -INFO -CITY DATA ======>
2024-03-08 20:35:28,062 - root -INFO -FACT DATA ======>
2024-03-08 20:35:28,285 - root -INFO -Printing the schema of the fact data...
2024-03-08 20:35:28,294 - root -INFO -Checking for null values in dataframe after processing....
2024-03-08 20:35:48,610 - root -INFO -Filling the null values in 'total_claim_count' using fillna()...
2024-03-08 20:35:50,957 - root -INFO -Checking for null values in dataframe after using fillna()....
2024-03-08 20:38:31,195 - root -INFO -Let's get started....
2024-03-08 20:38:31,196 - root -INFO -Creating spark object...
2024-03-08 20:38:31,196 - Spark_object_create -INFO -Master is local
2024-03-08 20:38:40,425 - root -INFO -Spark object created successfully.....
2024-03-08 20:38:40,425 - root -INFO -Reading a parquet file....
2024-03-08 20:38:46,049 - root -INFO -Reading a csv file....
2024-03-08 20:38:52,824 - root -INFO -Starting the processing of data....
2024-03-08 20:38:52,954 - root -INFO -CITY DATA ======>
2024-03-08 20:38:53,093 - root -INFO -FACT DATA ======>
2024-03-08 20:38:53,305 - root -INFO -Printing the schema of the fact data...
2024-03-08 20:38:53,310 - root -INFO -Checking for null values in dataframe after processing....
2024-03-08 20:39:14,102 - root -INFO -Filling the null values in 'total_claim_count' using fillna()...
2024-03-08 20:39:16,466 - root -INFO -Checking for null values in dataframe after using fillna()....
2024-03-08 20:42:28,083 - root -INFO -Let's get started....
2024-03-08 20:42:28,083 - root -INFO -Creating spark object...
2024-03-08 20:42:28,083 - Spark_object_create -INFO -Master is local
2024-03-08 20:42:37,425 - root -INFO -Spark object created successfully.....
2024-03-08 20:42:37,425 - root -INFO -Reading a parquet file....
2024-03-08 20:42:42,962 - root -INFO -Reading a csv file....
2024-03-08 20:42:50,149 - root -INFO -Starting the processing of data....
2024-03-08 20:42:50,280 - root -INFO -CITY DATA ======>
2024-03-08 20:42:50,463 - root -INFO -FACT DATA ======>
2024-03-08 20:42:50,667 - root -INFO -Printing the schema of the fact data...
2024-03-08 20:42:50,671 - root -INFO -Checking for null values in dataframe after processing....
2024-03-08 20:43:10,798 - root -INFO -Filling the null values in 'total_claim_count' using fillna()...
2024-03-08 20:43:13,121 - root -INFO -Checking for null values in dataframe after using fillna()....
2024-03-08 20:43:32,051 - root -INFO -Starting the process of data transformation....
2024-03-08 20:43:32,133 - root -INFO -Now, diplaying the data report (tranformed data)....
2024-03-08 20:43:39,814 - root -INFO -Displaying a second report on the fact data....
2024-03-08 20:43:53,927 - root -INFO -Extracting the reports generated....
2024-03-08 20:44:13,482 - root -INFO -Application done....
2024-03-08 20:53:02,457 - root -INFO -Let's get started....
2024-03-08 20:53:02,471 - root -INFO -Creating spark object...
2024-03-08 20:53:02,471 - Spark_object_create -INFO -Master is local
2024-03-08 20:53:12,604 - root -INFO -Spark object created successfully.....
2024-03-08 20:53:12,604 - root -INFO -Reading a parquet file....
2024-03-08 20:53:19,741 - root -INFO -Reading a csv file....
2024-03-08 20:53:26,856 - root -INFO -Starting the processing of data....
2024-03-08 20:53:27,012 - root -INFO -CITY DATA ======>
2024-03-08 20:53:27,204 - root -INFO -FACT DATA ======>
2024-03-08 20:53:27,389 - root -INFO -Printing the schema of the fact data...
2024-03-08 20:53:27,393 - root -INFO -Checking for null values in dataframe after processing....
2024-03-08 20:53:49,135 - root -INFO -Filling the null values in 'total_claim_count' using fillna()...
2024-03-08 20:53:54,416 - root -INFO -Checking for null values in dataframe after using fillna()....
2024-03-08 20:54:15,574 - root -INFO -Starting the process of data transformation....
2024-03-08 20:54:15,659 - root -INFO -Now, diplaying the data report (tranformed data)....
2024-03-08 20:54:23,871 - root -INFO -Displaying a second report on the fact data....
2024-03-08 20:54:39,245 - root -INFO -Extracting the reports generated....
2024-03-08 20:55:02,404 - root -INFO -Application done....
2024-03-08 20:57:16,268 - root -INFO -Let's get started....
2024-03-08 20:57:16,268 - root -INFO -Creating spark object...
2024-03-08 20:57:16,268 - Spark_object_create -INFO -Master is local
2024-03-08 20:57:26,058 - root -INFO -Spark object created successfully.....
2024-03-08 20:57:26,058 - root -INFO -Reading a parquet file....
2024-03-08 20:57:41,131 - root -INFO -Reading a csv file....
2024-03-08 20:57:48,505 - root -INFO -Starting the processing of data....
2024-03-08 20:57:48,679 - root -INFO -CITY DATA ======>
2024-03-08 20:57:48,944 - root -INFO -FACT DATA ======>
2024-03-08 20:57:49,276 - root -INFO -Printing the schema of the fact data...
2024-03-08 20:57:49,283 - root -INFO -Checking for null values in dataframe after processing....
2024-03-08 20:58:14,295 - root -INFO -Filling the null values in 'total_claim_count' using fillna()...
2024-03-08 20:58:17,234 - root -INFO -Checking for null values in dataframe after using fillna()....
2024-03-08 20:58:38,847 - root -INFO -Starting the process of data transformation....
2024-03-08 20:58:38,936 - root -INFO -Now, diplaying the data report (tranformed data)....
2024-03-08 20:58:45,639 - root -INFO -Displaying a second report on the fact data....
2024-03-08 20:59:00,207 - root -INFO -Extracting the reports generated....
2024-03-08 20:59:31,577 - root -INFO -Application done....
2024-03-08 21:15:33,781 - root -INFO -Let's get started....
2024-03-08 21:15:33,790 - root -INFO -Creating spark object...
2024-03-08 21:15:33,790 - Spark_object_create -INFO -Master is local
2024-03-08 21:15:43,827 - root -INFO -Spark object created successfully.....
2024-03-08 21:15:43,828 - root -INFO -Reading a parquet file....
2024-03-08 21:15:50,049 - root -INFO -Reading a csv file....
2024-03-08 21:15:57,920 - root -INFO -Starting the processing of data....
2024-03-08 21:15:58,080 - root -INFO -CITY DATA ======>
2024-03-08 21:15:58,263 - root -INFO -FACT DATA ======>
2024-03-08 21:15:58,498 - root -INFO -Printing the schema of the fact data...
2024-03-08 21:15:58,500 - root -INFO -Checking for null values in dataframe after processing....
2024-03-08 21:16:20,555 - root -INFO -Filling the null values in 'total_claim_count' using fillna()...
2024-03-08 21:16:23,055 - root -INFO -Checking for null values in dataframe after using fillna()....
2024-03-08 21:16:43,476 - root -INFO -Starting the process of data transformation....
2024-03-08 21:16:43,566 - root -INFO -Now, diplaying the data report (tranformed data)....
2024-03-08 21:16:51,931 - root -INFO -Displaying a second report on the fact data....
2024-03-08 21:17:08,321 - root -INFO -Extracting the reports generated....
2024-03-08 21:17:36,626 - root -INFO -Loading the data into MySQL....
2024-03-08 21:17:36,690 - root -WARNING -main() method executed successfully....
2024-03-08 21:17:36,690 - root -INFO -Application done....
2024-03-08 21:27:51,355 - root -INFO -Let's get started....
2024-03-08 21:27:51,383 - root -INFO -Creating spark object...
2024-03-08 21:27:51,383 - Spark_object_create -INFO -Master is local
2024-03-08 21:28:02,763 - root -INFO -Spark object created successfully.....
2024-03-08 21:28:02,764 - root -INFO -Reading a parquet file....
2024-03-08 21:28:13,539 - root -INFO -Reading a csv file....
2024-03-08 21:28:22,599 - root -INFO -Starting the processing of data....
2024-03-08 21:28:22,881 - root -INFO -CITY DATA ======>
2024-03-08 21:28:23,165 - root -INFO -FACT DATA ======>
2024-03-08 21:28:23,398 - root -INFO -Printing the schema of the fact data...
2024-03-08 21:28:23,401 - root -INFO -Checking for null values in dataframe after processing....
2024-03-08 21:28:47,594 - root -INFO -Filling the null values in 'total_claim_count' using fillna()...
2024-03-08 21:28:51,783 - root -INFO -Checking for null values in dataframe after using fillna()....
2024-03-08 21:29:13,085 - root -INFO -Starting the process of data transformation....
2024-03-08 21:29:13,181 - root -INFO -Now, diplaying the data report (tranformed data)....
2024-03-08 21:29:21,746 - root -INFO -Displaying a second report on the fact data....
2024-03-08 21:29:36,211 - root -INFO -Extracting the reports generated....
2024-03-08 21:29:59,325 - root -INFO -Loading the data into MySQL....
2024-03-08 21:29:59,374 - root -WARNING -main() method executed successfully....
2024-03-08 21:29:59,375 - root -INFO -Application done....
2024-03-08 21:33:25,252 - root -INFO -Let's get started....
2024-03-08 21:33:25,252 - root -INFO -Creating spark object...
2024-03-08 21:33:25,252 - Spark_object_create -INFO -Master is local
2024-03-08 21:33:34,594 - root -INFO -Spark object created successfully.....
2024-03-08 21:33:34,595 - root -INFO -Reading a parquet file....
2024-03-08 21:33:40,316 - root -INFO -Reading a csv file....
2024-03-08 21:33:47,065 - root -INFO -Starting the processing of data....
2024-03-08 21:33:47,191 - root -INFO -CITY DATA ======>
2024-03-08 21:33:47,317 - root -INFO -FACT DATA ======>
2024-03-08 21:33:47,506 - root -INFO -Printing the schema of the fact data...
2024-03-08 21:33:47,523 - root -INFO -Checking for null values in dataframe after processing....
2024-03-08 21:34:07,464 - root -INFO -Filling the null values in 'total_claim_count' using fillna()...
2024-03-08 21:34:11,862 - root -INFO -Checking for null values in dataframe after using fillna()....
2024-03-08 21:34:33,003 - root -INFO -Starting the process of data transformation....
2024-03-08 21:34:33,102 - root -INFO -Now, diplaying the data report (tranformed data)....
2024-03-08 21:34:40,934 - root -INFO -Displaying a second report on the fact data....
2024-03-08 21:34:54,962 - root -INFO -Extracting the reports generated....
2024-03-08 21:35:17,960 - root -INFO -Loading the data into MySQL....
2024-03-08 21:35:18,030 - root -WARNING -main() method executed successfully....
2024-03-08 21:35:18,030 - root -INFO -Application done....
2024-03-08 21:41:45,791 - root -INFO -Let's get started....
2024-03-08 21:41:45,797 - root -INFO -Creating spark object...
2024-03-08 21:41:45,797 - Spark_object_create -INFO -Master is local
2024-03-08 21:41:56,128 - root -INFO -Spark object created successfully.....
2024-03-08 21:41:56,128 - root -INFO -Reading a parquet file....
2024-03-08 21:42:02,377 - root -INFO -Reading a csv file....
2024-03-08 21:42:11,285 - root -INFO -Starting the processing of data....
2024-03-08 21:42:11,404 - root -INFO -CITY DATA ======>
2024-03-08 21:42:11,588 - root -INFO -FACT DATA ======>
2024-03-08 21:42:11,775 - root -INFO -Printing the schema of the fact data...
2024-03-08 21:42:11,779 - root -INFO -Checking for null values in dataframe after processing....
2024-03-08 21:42:35,221 - root -INFO -Filling the null values in 'total_claim_count' using fillna()...
2024-03-08 21:42:39,675 - root -INFO -Checking for null values in dataframe after using fillna()....
2024-03-08 21:42:58,648 - root -INFO -Starting the process of data transformation....
2024-03-08 21:42:58,723 - root -INFO -Now, diplaying the data report (tranformed data)....
2024-03-08 21:43:05,879 - root -INFO -Displaying a second report on the fact data....
2024-03-08 21:43:19,997 - root -INFO -Extracting the reports generated....
2024-03-08 21:43:45,521 - root -INFO -Loading the data into MySQL....
2024-03-08 21:43:45,523 - root -WARNING -main() method executed successfully....
2024-03-08 21:43:45,523 - root -INFO -Application done....
2024-03-08 21:55:21,967 - root -INFO -Let's get started....
2024-03-08 21:55:21,978 - root -INFO -Creating spark object...
2024-03-08 21:55:21,978 - Spark_object_create -INFO -Master is local
2024-03-08 21:55:31,783 - root -INFO -Spark object created successfully.....
2024-03-08 21:55:31,784 - root -INFO -Reading a parquet file....
2024-03-08 21:55:37,291 - root -INFO -Reading a csv file....
2024-03-08 21:55:44,415 - root -INFO -Starting the processing of data....
2024-03-08 21:55:44,541 - root -INFO -CITY DATA ======>
2024-03-08 21:55:44,712 - root -INFO -FACT DATA ======>
2024-03-08 21:55:44,914 - root -INFO -Printing the schema of the fact data...
2024-03-08 21:55:44,915 - root -INFO -Checking for null values in dataframe after processing....
2024-03-08 21:56:05,619 - root -INFO -Filling the null values in 'total_claim_count' using fillna()...
2024-03-08 21:56:10,515 - root -INFO -Checking for null values in dataframe after using fillna()....
2024-03-08 21:56:29,820 - root -INFO -Starting the process of data transformation....
2024-03-08 21:56:29,929 - root -INFO -Now, diplaying the data report (tranformed data)....
2024-03-08 21:56:36,906 - root -INFO -Displaying a second report on the fact data....
2024-03-08 21:56:48,226 - root -INFO -Extracting the reports generated....
2024-03-08 21:57:10,871 - root -INFO -Loading the data into MySQL....
2024-03-08 21:57:10,873 - root -WARNING -main() method executed successfully....
2024-03-08 21:57:10,873 - root -INFO -Application done....
2024-03-08 22:07:34,733 - root -INFO -Let's get started....
2024-03-08 22:07:34,743 - root -INFO -Creating spark object...
2024-03-08 22:07:34,743 - Spark_object_create -INFO -Master is local
2024-03-08 22:07:43,864 - root -INFO -Spark object created successfully.....
2024-03-08 22:07:43,900 - root -INFO -Reading a parquet file....
2024-03-08 22:07:49,805 - root -INFO -Reading a csv file....
2024-03-08 22:07:56,250 - root -INFO -Starting the processing of data....
2024-03-08 22:07:56,395 - root -INFO -CITY DATA ======>
2024-03-08 22:07:56,574 - root -INFO -FACT DATA ======>
2024-03-08 22:07:56,765 - root -INFO -Printing the schema of the fact data...
2024-03-08 22:07:56,767 - root -INFO -Checking for null values in dataframe after processing....
2024-03-08 22:08:17,054 - root -INFO -Filling the null values in 'total_claim_count' using fillna()...
2024-03-08 22:08:21,724 - root -INFO -Checking for null values in dataframe after using fillna()....
2024-03-08 22:08:40,823 - root -INFO -Starting the process of data transformation....
2024-03-08 22:08:40,909 - root -INFO -Now, diplaying the data report (tranformed data)....
2024-03-08 22:08:46,710 - root -INFO -Displaying a second report on the fact data....
2024-03-08 22:08:59,390 - root -INFO -Extracting the reports generated....
2024-03-08 22:09:18,381 - root -INFO -Loading the data into MySQL....
2024-03-08 22:09:18,384 - root -WARNING -main() method executed successfully....
2024-03-08 22:09:18,384 - root -INFO -Application done....
2024-03-08 22:12:50,828 - root -INFO -Let's get started....
2024-03-08 22:12:50,838 - root -INFO -Creating spark object...
2024-03-08 22:12:50,839 - Spark_object_create -INFO -Master is local
2024-03-08 22:13:00,704 - root -INFO -Spark object created successfully.....
2024-03-08 22:13:00,704 - root -INFO -Reading a parquet file....
2024-03-08 22:13:06,486 - root -INFO -Reading a csv file....
2024-03-08 22:13:14,721 - root -INFO -Starting the processing of data....
2024-03-08 22:13:14,848 - root -INFO -CITY DATA ======>
2024-03-08 22:13:15,013 - root -INFO -FACT DATA ======>
2024-03-08 22:13:15,198 - root -INFO -Printing the schema of the fact data...
2024-03-08 22:13:15,200 - root -INFO -Checking for null values in dataframe after processing....
2024-03-08 22:13:37,694 - root -INFO -Filling the null values in 'total_claim_count' using fillna()...
2024-03-08 22:13:42,906 - root -INFO -Checking for null values in dataframe after using fillna()....
2024-03-08 22:14:05,188 - root -INFO -Starting the process of data transformation....
2024-03-08 22:14:05,287 - root -INFO -Now, diplaying the data report (tranformed data)....
2024-03-08 22:14:13,249 - root -INFO -Displaying a second report on the fact data....
2024-03-08 22:14:29,089 - root -INFO -Extracting the reports generated....
2024-03-08 22:14:53,541 - root -INFO -Loading the data into MySQL....
2024-03-08 22:14:53,590 - root -WARNING -main() method executed successfully....
2024-03-08 22:14:53,590 - root -INFO -Application done....
2024-03-08 22:18:31,363 - root -INFO -Let's get started....
2024-03-08 22:18:31,376 - root -INFO -Creating spark object...
2024-03-08 22:18:31,376 - Spark_object_create -INFO -Master is local
2024-03-08 22:18:41,417 - root -INFO -Spark object created successfully.....
2024-03-08 22:18:41,417 - root -INFO -Reading a parquet file....
2024-03-08 22:18:47,168 - root -INFO -Reading a csv file....
2024-03-08 22:18:53,986 - root -INFO -Starting the processing of data....
2024-03-08 22:18:54,116 - root -INFO -CITY DATA ======>
2024-03-08 22:18:54,304 - root -INFO -FACT DATA ======>
2024-03-08 22:18:54,494 - root -INFO -Printing the schema of the fact data...
2024-03-08 22:18:54,496 - root -INFO -Checking for null values in dataframe after processing....
2024-03-08 22:19:13,469 - root -INFO -Filling the null values in 'total_claim_count' using fillna()...
2024-03-08 22:19:18,785 - root -INFO -Checking for null values in dataframe after using fillna()....
2024-03-08 22:19:38,064 - root -INFO -Starting the process of data transformation....
2024-03-08 22:19:38,141 - root -INFO -Now, diplaying the data report (tranformed data)....
2024-03-08 22:19:45,551 - root -INFO -Displaying a second report on the fact data....
2024-03-08 22:19:59,192 - root -INFO -Extracting the reports generated....
2024-03-08 22:20:23,329 - root -INFO -Loading the data into MySQL....
2024-03-08 22:20:36,497 - root -WARNING -main() method executed successfully....
2024-03-08 22:20:36,497 - root -INFO -Application done....
